<?xml version="1.0" encoding="UTF-8"?>
<!-- Generated by org.testng.reporters.JUnitReportReporter -->
<testsuite hostname="BDC4-L-CZMLTF2" name="com.sss.test.GoogleTest" tests="1" failures="0" timestamp="15 Mar 2017 09:57:35 GMT" time="7.681" errors="0">
  <testcase name="testGooglePage" time="7.681" classname="com.sss.test.GoogleTest"/>
</testsuite> <!-- com.sss.test.GoogleTest -->
